2018/08/26 11:11:09 [error] [exception.CException] CException: CAssetManager.basePath "/Users/johnfalcon/Sites/ovrmind/assets" is invalid. Please make sure the directory exists and is writable by the Web server process. in /Users/johnfalcon/Sites/yii/framework/web/CAssetManager.php:138
Stack trace:
#0 /Users/johnfalcon/Sites/yii/framework/web/CAssetManager.php(123): CAssetManager->setBasePath('/Users/johnfalc...')
#1 /Users/johnfalcon/Sites/yii/framework/web/CAssetManager.php(217): CAssetManager->getBasePath()
#2 /Users/johnfalcon/Sites/yii/framework/gii/GiiModule.php(143): CAssetManager->publish('/Users/johnfalc...')
#3 /Users/johnfalcon/Sites/yii/framework/base/CComponent.php(111): GiiModule->getAssetsUrl()
#4 /Users/johnfalcon/Sites/yii/framework/base/CModule.php(105): CComponent->__get('assetsUrl')
#5 /Users/johnfalcon/Sites/yii/framework/gii/views/layouts/main.php(5): CModule->__get('assetsUrl')
#6 /Users/johnfalcon/Sites/yii/framework/web/CBaseController.php(126): require('/Users/johnfalc...')
#7 /Users/johnfalcon/Sites/yii/framework/web/CBaseController.php(95): CBaseController->renderInternal('/Users/johnfalc...', Array, true)
#8 /Users/johnfalcon/Sites/yii/framework/web/widgets/CContentDecorator.php(76): CBaseController->renderFile('/Users/johnfalc...', Array, true)
#9 /Users/johnfalcon/Sites/yii/framework/web/widgets/CContentDecorator.php(54): CContentDecorator->decorate('<div class="con...')
#10 /Users/johnfalcon/Sites/yii/framework/web/widgets/COutputProcessor.php(44): CContentDecorator->processOutput('<div class="con...')
#11 /Users/johnfalcon/Sites/yii/framework/web/CBaseController.php(215): COutputProcessor->run()
#12 /Users/johnfalcon/Sites/yii/framework/web/CBaseController.php(309): CBaseController->endWidget('CContentDecorat...')
#13 /Users/johnfalcon/Sites/yii/framework/gii/views/layouts/column1.php(7): CBaseController->endContent()
#14 /Users/johnfalcon/Sites/yii/framework/web/CBaseController.php(126): require('/Users/johnfalc...')
#15 /Users/johnfalcon/Sites/yii/framework/web/CBaseController.php(95): CBaseController->renderInternal('/Users/johnfalc...', Array, true)
#16 /Users/johnfalcon/Sites/yii/framework/web/CController.php(787): CBaseController->renderFile('/Users/johnfalc...', Array, true)
#17 /Users/johnfalcon/Sites/yii/framework/gii/controllers/DefaultController.php(47): CController->render('login', Array)
#18 /Users/johnfalcon/Sites/yii/framework/web/actions/CInlineAction.php(49): DefaultController->actionLogin()
#19 /Users/johnfalcon/Sites/yii/framework/web/CController.php(308): CInlineAction->runWithParams(Array)
#20 /Users/johnfalcon/Sites/yii/framework/web/CController.php(286): CController->runAction(Object(CInlineAction))
#21 /Users/johnfalcon/Sites/yii/framework/web/CController.php(265): CController->runActionWithFilters(Object(CInlineAction), Array)
#22 /Users/johnfalcon/Sites/yii/framework/web/CWebApplication.php(282): CController->run('login')
#23 /Users/johnfalcon/Sites/yii/framework/web/CWebApplication.php(141): CWebApplication->runController('gii/default/log...')
#24 /Users/johnfalcon/Sites/yii/framework/base/CApplication.php(185): CWebApplication->processRequest()
#25 /Users/johnfalcon/Sites/ovrmind/index.php(13): CApplication->run()
#26 {main}
REQUEST_URI=/index.php?r=gii/default/login
---
2018/08/26 11:11:52 [error] [exception.CDbException] CDbException: CDbConnection failed to open the DB connection: SQLSTATE[HY000] [1045] Access denied for user 'root'@'localhost' (using password: YES) in /Users/johnfalcon/Sites/yii/framework/db/CDbConnection.php:399
Stack trace:
#0 /Users/johnfalcon/Sites/yii/framework/db/CDbConnection.php(347): CDbConnection->open()
#1 /Users/johnfalcon/Sites/yii/framework/db/CDbConnection.php(325): CDbConnection->setActive(true)
#2 /Users/johnfalcon/Sites/yii/framework/base/CModule.php(394): CDbConnection->init()
#3 /Users/johnfalcon/Sites/yii/framework/base/CModule.php(103): CModule->getComponent('db')
#4 /Users/johnfalcon/Sites/yii/framework/gii/generators/model/ModelCode.php(60): CModule->__get('db')
#5 /Users/johnfalcon/Sites/yii/framework/web/CFormModel.php(39): ModelCode->init()
#6 /Users/johnfalcon/Sites/yii/framework/gii/CCodeGenerator.php(153): CFormModel->__construct()
#7 /Users/johnfalcon/Sites/yii/framework/gii/CCodeGenerator.php(63): CCodeGenerator->prepare()
#8 /Users/johnfalcon/Sites/yii/framework/web/actions/CInlineAction.php(49): CCodeGenerator->actionIndex()
#9 /Users/johnfalcon/Sites/yii/framework/web/CController.php(308): CInlineAction->runWithParams(Array)
#10 /Users/johnfalcon/Sites/yii/framework/web/CController.php(286): CController->runAction(Object(CInlineAction))
#11 /Users/johnfalcon/Sites/yii/framework/web/CController.php(265): CController->runActionWithFilters(Object(CInlineAction), Array)
#12 /Users/johnfalcon/Sites/yii/framework/web/CWebApplication.php(282): CController->run('index')
#13 /Users/johnfalcon/Sites/yii/framework/web/CWebApplication.php(141): CWebApplication->runController('gii/model/index')
#14 /Users/johnfalcon/Sites/yii/framework/base/CApplication.php(185): CWebApplication->processRequest()
#15 /Users/johnfalcon/Sites/ovrmind/index.php(13): CApplication->run()
#16 {main}
REQUEST_URI=/index.php?r=gii/model/index
HTTP_REFERER=http://ovrmind.local/index.php?r=gii/default/index
---
2018/08/26 11:13:01 [error] [exception.CDbException] CDbException: CDbConnection failed to open the DB connection: SQLSTATE[HY000] [1045] Access denied for user 'root'@'localhost' (using password: YES) in /Users/johnfalcon/Sites/yii/framework/db/CDbConnection.php:399
Stack trace:
#0 /Users/johnfalcon/Sites/yii/framework/db/CDbConnection.php(347): CDbConnection->open()
#1 /Users/johnfalcon/Sites/yii/framework/db/CDbConnection.php(325): CDbConnection->setActive(true)
#2 /Users/johnfalcon/Sites/yii/framework/base/CModule.php(394): CDbConnection->init()
#3 /Users/johnfalcon/Sites/yii/framework/base/CModule.php(103): CModule->getComponent('db')
#4 /Users/johnfalcon/Sites/yii/framework/gii/generators/model/ModelCode.php(60): CModule->__get('db')
#5 /Users/johnfalcon/Sites/yii/framework/web/CFormModel.php(39): ModelCode->init()
#6 /Users/johnfalcon/Sites/yii/framework/gii/CCodeGenerator.php(153): CFormModel->__construct()
#7 /Users/johnfalcon/Sites/yii/framework/gii/CCodeGenerator.php(63): CCodeGenerator->prepare()
#8 /Users/johnfalcon/Sites/yii/framework/web/actions/CInlineAction.php(49): CCodeGenerator->actionIndex()
#9 /Users/johnfalcon/Sites/yii/framework/web/CController.php(308): CInlineAction->runWithParams(Array)
#10 /Users/johnfalcon/Sites/yii/framework/web/CController.php(286): CController->runAction(Object(CInlineAction))
#11 /Users/johnfalcon/Sites/yii/framework/web/CController.php(265): CController->runActionWithFilters(Object(CInlineAction), Array)
#12 /Users/johnfalcon/Sites/yii/framework/web/CWebApplication.php(282): CController->run('index')
#13 /Users/johnfalcon/Sites/yii/framework/web/CWebApplication.php(141): CWebApplication->runController('gii/model/index')
#14 /Users/johnfalcon/Sites/yii/framework/base/CApplication.php(185): CWebApplication->processRequest()
#15 /Users/johnfalcon/Sites/ovrmind/index.php(13): CApplication->run()
#16 {main}
REQUEST_URI=/index.php?r=gii/model/index
HTTP_REFERER=http://ovrmind.local/index.php?r=gii/default/index
---
2018/08/26 11:13:03 [error] [exception.CDbException] CDbException: CDbConnection failed to open the DB connection: SQLSTATE[HY000] [1045] Access denied for user 'root'@'localhost' (using password: YES) in /Users/johnfalcon/Sites/yii/framework/db/CDbConnection.php:399
Stack trace:
#0 /Users/johnfalcon/Sites/yii/framework/db/CDbConnection.php(347): CDbConnection->open()
#1 /Users/johnfalcon/Sites/yii/framework/db/CDbConnection.php(325): CDbConnection->setActive(true)
#2 /Users/johnfalcon/Sites/yii/framework/base/CModule.php(394): CDbConnection->init()
#3 /Users/johnfalcon/Sites/yii/framework/base/CModule.php(103): CModule->getComponent('db')
#4 /Users/johnfalcon/Sites/yii/framework/gii/generators/model/ModelCode.php(60): CModule->__get('db')
#5 /Users/johnfalcon/Sites/yii/framework/web/CFormModel.php(39): ModelCode->init()
#6 /Users/johnfalcon/Sites/yii/framework/gii/CCodeGenerator.php(153): CFormModel->__construct()
#7 /Users/johnfalcon/Sites/yii/framework/gii/CCodeGenerator.php(63): CCodeGenerator->prepare()
#8 /Users/johnfalcon/Sites/yii/framework/web/actions/CInlineAction.php(49): CCodeGenerator->actionIndex()
#9 /Users/johnfalcon/Sites/yii/framework/web/CController.php(308): CInlineAction->runWithParams(Array)
#10 /Users/johnfalcon/Sites/yii/framework/web/CController.php(286): CController->runAction(Object(CInlineAction))
#11 /Users/johnfalcon/Sites/yii/framework/web/CController.php(265): CController->runActionWithFilters(Object(CInlineAction), Array)
#12 /Users/johnfalcon/Sites/yii/framework/web/CWebApplication.php(282): CController->run('index')
#13 /Users/johnfalcon/Sites/yii/framework/web/CWebApplication.php(141): CWebApplication->runController('gii/model/index')
#14 /Users/johnfalcon/Sites/yii/framework/base/CApplication.php(185): CWebApplication->processRequest()
#15 /Users/johnfalcon/Sites/ovrmind/index.php(13): CApplication->run()
#16 {main}
REQUEST_URI=/index.php?r=gii/model/index
HTTP_REFERER=http://ovrmind.local/index.php?r=gii/default/index
---
2018/08/26 11:13:50 [error] [system.db.CDbCommand] CDbCommand::fetchAll() failed: SQLSTATE[3D000]: Invalid catalog name: 1046 No database selected. The SQL statement executed was: SHOW TABLES.
in /Users/johnfalcon/Sites/ovrmind/index.php (13)
2018/08/26 11:13:50 [error] [exception.CDbException] CDbException: CDbCommand failed to execute the SQL statement: SQLSTATE[3D000]: Invalid catalog name: 1046 No database selected. The SQL statement executed was: SHOW TABLES in /Users/johnfalcon/Sites/yii/framework/db/CDbCommand.php:543
Stack trace:
#0 /Users/johnfalcon/Sites/yii/framework/db/CDbCommand.php(455): CDbCommand->queryInternal('fetchAll', Array, Array)
#1 /Users/johnfalcon/Sites/yii/framework/db/schema/mysql/CMysqlSchema.php(261): CDbCommand->queryColumn()
#2 /Users/johnfalcon/Sites/yii/framework/db/schema/CDbSchema.php(139): CMysqlSchema->findTableNames('')
#3 /Users/johnfalcon/Sites/yii/framework/db/schema/CDbSchema.php(122): CDbSchema->getTableNames('')
#4 /Users/johnfalcon/Sites/yii/framework/gii/generators/model/views/index.php(79): CDbSchema->getTables()
#5 /Users/johnfalcon/Sites/yii/framework/web/CBaseController.php(126): require('/Users/johnfalc...')
#6 /Users/johnfalcon/Sites/yii/framework/web/CBaseController.php(95): CBaseController->renderInternal('/Users/johnfalc...', Array, true)
#7 /Users/johnfalcon/Sites/yii/framework/web/CController.php(872): CBaseController->renderFile('/Users/johnfalc...', Array, true)
#8 /Users/johnfalcon/Sites/yii/framework/web/CController.php(785): CController->renderPartial('index', Array, true)
#9 /Users/johnfalcon/Sites/yii/framework/gii/CCodeGenerator.php(71): CController->render('index', Array)
#10 /Users/johnfalcon/Sites/yii/framework/web/actions/CInlineAction.php(49): CCodeGenerator->actionIndex()
#11 /Users/johnfalcon/Sites/yii/framework/web/CController.php(308): CInlineAction->runWithParams(Array)
#12 /Users/johnfalcon/Sites/yii/framework/web/CController.php(286): CController->runAction(Object(CInlineAction))
#13 /Users/johnfalcon/Sites/yii/framework/web/CController.php(265): CController->runActionWithFilters(Object(CInlineAction), Array)
#14 /Users/johnfalcon/Sites/yii/framework/web/CWebApplication.php(282): CController->run('index')
#15 /Users/johnfalcon/Sites/yii/framework/web/CWebApplication.php(141): CWebApplication->runController('gii/model/index')
#16 /Users/johnfalcon/Sites/yii/framework/base/CApplication.php(185): CWebApplication->processRequest()
#17 /Users/johnfalcon/Sites/ovrmind/index.php(13): CApplication->run()
#18 {main}
REQUEST_URI=/index.php?r=gii/model/index
HTTP_REFERER=http://ovrmind.local/index.php?r=gii/default/index
---
2018/08/26 16:22:48 [error] [system.db.CDbCommand] CDbCommand::fetchAll() failed: SQLSTATE[3D000]: Invalid catalog name: 1046 No database selected. The SQL statement executed was: SHOW TABLES.
in /Users/johnfalcon/Sites/ovrmind/index.php (13)
2018/08/26 16:22:48 [error] [exception.CDbException] CDbException: CDbCommand failed to execute the SQL statement: SQLSTATE[3D000]: Invalid catalog name: 1046 No database selected. The SQL statement executed was: SHOW TABLES in /Users/johnfalcon/Sites/yii/framework/db/CDbCommand.php:543
Stack trace:
#0 /Users/johnfalcon/Sites/yii/framework/db/CDbCommand.php(455): CDbCommand->queryInternal('fetchAll', Array, Array)
#1 /Users/johnfalcon/Sites/yii/framework/db/schema/mysql/CMysqlSchema.php(261): CDbCommand->queryColumn()
#2 /Users/johnfalcon/Sites/yii/framework/db/schema/CDbSchema.php(139): CMysqlSchema->findTableNames('')
#3 /Users/johnfalcon/Sites/yii/framework/db/schema/CDbSchema.php(122): CDbSchema->getTableNames('')
#4 /Users/johnfalcon/Sites/yii/framework/gii/generators/model/views/index.php(79): CDbSchema->getTables()
#5 /Users/johnfalcon/Sites/yii/framework/web/CBaseController.php(126): require('/Users/johnfalc...')
#6 /Users/johnfalcon/Sites/yii/framework/web/CBaseController.php(95): CBaseController->renderInternal('/Users/johnfalc...', Array, true)
#7 /Users/johnfalcon/Sites/yii/framework/web/CController.php(872): CBaseController->renderFile('/Users/johnfalc...', Array, true)
#8 /Users/johnfalcon/Sites/yii/framework/web/CController.php(785): CController->renderPartial('index', Array, true)
#9 /Users/johnfalcon/Sites/yii/framework/gii/CCodeGenerator.php(71): CController->render('index', Array)
#10 /Users/johnfalcon/Sites/yii/framework/web/actions/CInlineAction.php(49): CCodeGenerator->actionIndex()
#11 /Users/johnfalcon/Sites/yii/framework/web/CController.php(308): CInlineAction->runWithParams(Array)
#12 /Users/johnfalcon/Sites/yii/framework/web/CController.php(286): CController->runAction(Object(CInlineAction))
#13 /Users/johnfalcon/Sites/yii/framework/web/CController.php(265): CController->runActionWithFilters(Object(CInlineAction), Array)
#14 /Users/johnfalcon/Sites/yii/framework/web/CWebApplication.php(282): CController->run('index')
#15 /Users/johnfalcon/Sites/yii/framework/web/CWebApplication.php(141): CWebApplication->runController('gii/model/index')
#16 /Users/johnfalcon/Sites/yii/framework/base/CApplication.php(185): CWebApplication->processRequest()
#17 /Users/johnfalcon/Sites/ovrmind/index.php(13): CApplication->run()
#18 {main}
REQUEST_URI=/index.php?r=gii/model/index
HTTP_REFERER=http://ovrmind.local/index.php?r=gii/default/index
---
2018/08/26 16:38:59 [error] [system.db.CDbCommand] CDbCommand::fetchAll() failed: SQLSTATE[42S02]: Base table or view not found: 1146 Table 'ovrmind_db.facebook_data' doesn't exist. The SQL statement executed was: SHOW FULL COLUMNS FROM `facebook_data`.
in /Users/johnfalcon/Sites/ovrmind/index.php (13)
2018/08/27 04:28:17 [error] [exception.Error] Error: Class 'yii\helpers\Url' not found in /Users/johnfalcon/Sites/ovrmind/protected/views/site/index.php:6
Stack trace:
#0 /Users/johnfalcon/Sites/yii/framework/web/CBaseController.php(126): require()
#1 /Users/johnfalcon/Sites/yii/framework/web/CBaseController.php(95): CBaseController->renderInternal('/Users/johnfalc...', NULL, true)
#2 /Users/johnfalcon/Sites/yii/framework/web/CController.php(872): CBaseController->renderFile('/Users/johnfalc...', NULL, true)
#3 /Users/johnfalcon/Sites/yii/framework/web/CController.php(785): CController->renderPartial('index', NULL, true)
#4 /Users/johnfalcon/Sites/ovrmind/protected/controllers/SiteController.php(32): CController->render('index')
#5 /Users/johnfalcon/Sites/yii/framework/web/actions/CInlineAction.php(49): SiteController->actionIndex()
#6 /Users/johnfalcon/Sites/yii/framework/web/CController.php(308): CInlineAction->runWithParams(Array)
#7 /Users/johnfalcon/Sites/yii/framework/web/CController.php(286): CController->runAction(Object(CInlineAction))
#8 /Users/johnfalcon/Sites/yii/framework/web/CController.php(265): CController->runActionWithFilters(Object(CInlineAction), Array)
#9 /Users/johnfalcon/Sites/yii/framework/web/CWebApplication.php(282): CController->run('')
#10 /Users/johnfalcon/Sites/yii/framework/web/CWebApplication.php(141): CWebApplication->runController('')
#11 /Users/johnfalcon/Sites/yii/framework/base/CApplication.php(185): CWebApplication->processRequest()
#12 /Users/johnfalcon/Sites/ovrmind/index.php(13): CApplication->run()
#13 {main}
REQUEST_URI=/index.php?r=site/page&view=about
HTTP_REFERER=http://ovrmind.local/
---
2018/08/27 04:35:07 [error] [exception.CHttpException.404] CHttpException: Unable to resolve the request "api/get". in /Users/johnfalcon/Sites/yii/framework/web/CWebApplication.php:286
Stack trace:
#0 /Users/johnfalcon/Sites/yii/framework/web/CWebApplication.php(141): CWebApplication->runController('api/get')
#1 /Users/johnfalcon/Sites/yii/framework/base/CApplication.php(185): CWebApplication->processRequest()
#2 /Users/johnfalcon/Sites/ovrmind/index.php(13): CApplication->run()
#3 {main}
REQUEST_URI=/api/get
---
2018/08/27 05:06:46 [error] [exception.CHttpException.404] CHttpException: Unable to resolve the request "pages/about.php". in /Users/johnfalcon/Sites/yii/framework/web/CWebApplication.php:286
Stack trace:
#0 /Users/johnfalcon/Sites/yii/framework/web/CWebApplication.php(141): CWebApplication->runController('pages/about.php')
#1 /Users/johnfalcon/Sites/yii/framework/base/CApplication.php(185): CWebApplication->processRequest()
#2 /Users/johnfalcon/Sites/ovrmind/index.php(13): CApplication->run()
#3 {main}
REQUEST_URI=/pages/about.php
---
2018/08/27 05:07:48 [error] [exception.CHttpException.404] CHttpException: Unable to resolve the request "about". in /Users/johnfalcon/Sites/yii/framework/web/CWebApplication.php:286
Stack trace:
#0 /Users/johnfalcon/Sites/yii/framework/web/CWebApplication.php(141): CWebApplication->runController('about')
#1 /Users/johnfalcon/Sites/yii/framework/base/CApplication.php(185): CWebApplication->processRequest()
#2 /Users/johnfalcon/Sites/ovrmind/index.php(13): CApplication->run()
#3 {main}
REQUEST_URI=/about
---
2018/08/28 22:50:34 [error] [exception.CHttpException.404] CHttpException: Unable to resolve the request "api". in /Users/Paulina/Sites/yii/framework/web/CWebApplication.php:286
Stack trace:
#0 /Users/Paulina/Sites/yii/framework/web/CWebApplication.php(141): CWebApplication->runController('api')
#1 /Users/Paulina/Sites/yii/framework/base/CApplication.php(185): CWebApplication->processRequest()
#2 /Users/Paulina/Sites/business/index.php(13): CApplication->run()
#3 {main}
REQUEST_URI=/api
---
2018/08/28 22:50:56 [error] [exception.CHttpException.404] CHttpException: Unable to resolve the request "api/get". in /Users/Paulina/Sites/yii/framework/web/CWebApplication.php:286
Stack trace:
#0 /Users/Paulina/Sites/yii/framework/web/CWebApplication.php(141): CWebApplication->runController('api/get')
#1 /Users/Paulina/Sites/yii/framework/base/CApplication.php(185): CWebApplication->processRequest()
#2 /Users/Paulina/Sites/business/index.php(13): CApplication->run()
#3 {main}
REQUEST_URI=/api/get
---
2018/08/28 22:51:24 [error] [exception.CHttpException.404] CHttpException: Unable to resolve the request "facebookdat". in /Users/Paulina/Sites/yii/framework/web/CWebApplication.php:286
Stack trace:
#0 /Users/Paulina/Sites/yii/framework/web/CWebApplication.php(141): CWebApplication->runController('facebookdat')
#1 /Users/Paulina/Sites/yii/framework/base/CApplication.php(185): CWebApplication->processRequest()
#2 /Users/Paulina/Sites/business/index.php(13): CApplication->run()
#3 {main}
REQUEST_URI=/facebookdat
---
2018/08/28 22:51:29 [error] [exception.CDbException] CDbException: CDbConnection failed to open the DB connection: SQLSTATE[HY000] [1045] Access denied for user 'root'@'localhost' (using password: YES) in /Users/Paulina/Sites/yii/framework/db/CDbConnection.php:399
Stack trace:
#0 /Users/Paulina/Sites/yii/framework/db/CDbConnection.php(347): CDbConnection->open()
#1 /Users/Paulina/Sites/yii/framework/db/CDbConnection.php(325): CDbConnection->setActive(true)
#2 /Users/Paulina/Sites/yii/framework/base/CModule.php(394): CDbConnection->init()
#3 /Users/Paulina/Sites/yii/framework/base/CApplication.php(459): CModule->getComponent('db')
#4 /Users/Paulina/Sites/yii/framework/db/ar/CActiveRecord.php(639): CApplication->getDb()
#5 /Users/Paulina/Sites/yii/framework/db/ar/CActiveRecord.php(672): CActiveRecord->getDbConnection()
#6 /Users/Paulina/Sites/yii/framework/db/ar/CActiveRecord.php(1604): CActiveRecord->getCommandBuilder()
#7 /Users/Paulina/Sites/yii/framework/web/CActiveDataProvider.php(228): CActiveRecord->count(Object(CDbCriteria))
#8 /Users/Paulina/Sites/yii/framework/web/CDataProvider.php(224): CActiveDataProvider->calculateTotalItemCount()
#9 /Users/Paulina/Sites/yii/framework/web/CActiveDataProvider.php(178): CDataProvider->getTotalItemCount()
#10 /Users/Paulina/Sites/yii/framework/web/CDataProvider.php(168): CActiveDataProvider->fetchData()
#11 /Users/Paulina/Sites/yii/framework/zii/widgets/CBaseListView.php(125): CDataProvider->getData()
#12 /Users/Paulina/Sites/yii/framework/zii/widgets/CListView.php(211): CBaseListView->init()
#13 /Users/Paulina/Sites/yii/framework/web/CBaseController.php(147): CListView->init()
#14 /Users/Paulina/Sites/yii/framework/web/CBaseController.php(181): CBaseController->createWidget('zii.widgets.CLi...', Array)
#15 /Users/Paulina/Sites/business/protected/views/facebookdata/index.php(19): CBaseController->widget('zii.widgets.CLi...', Array)
#16 /Users/Paulina/Sites/yii/framework/web/CBaseController.php(126): require('/Users/Paulina/...')
#17 /Users/Paulina/Sites/yii/framework/web/CBaseController.php(95): CBaseController->renderInternal('/Users/Paulina/...', Array, true)
#18 /Users/Paulina/Sites/yii/framework/web/CController.php(872): CBaseController->renderFile('/Users/Paulina/...', Array, true)
#19 /Users/Paulina/Sites/yii/framework/web/CController.php(785): CController->renderPartial('index', Array, true)
#20 /Users/Paulina/Sites/business/protected/controllers/FacebookdataController.php(127): CController->render('index', Array)
#21 /Users/Paulina/Sites/yii/framework/web/actions/CInlineAction.php(49): FacebookDataController->actionIndex()
#22 /Users/Paulina/Sites/yii/framework/web/CController.php(308): CInlineAction->runWithParams(Array)
#23 /Users/Paulina/Sites/yii/framework/web/filters/CFilterChain.php(134): CController->runAction(Object(CInlineAction))
#24 /Users/Paulina/Sites/yii/framework/web/filters/CFilter.php(40): CFilterChain->run()
#25 /Users/Paulina/Sites/yii/framework/web/CController.php(1148): CFilter->filter(Object(CFilterChain))
#26 /Users/Paulina/Sites/yii/framework/web/filters/CInlineFilter.php(58): CController->filterAccessControl(Object(CFilterChain))
#27 /Users/Paulina/Sites/yii/framework/web/filters/CFilterChain.php(131): CInlineFilter->filter(Object(CFilterChain))
#28 /Users/Paulina/Sites/yii/framework/web/CController.php(291): CFilterChain->run()
#29 /Users/Paulina/Sites/yii/framework/web/CController.php(265): CController->runActionWithFilters(Object(CInlineAction), Array)
#30 /Users/Paulina/Sites/yii/framework/web/CWebApplication.php(282): CController->run('')
#31 /Users/Paulina/Sites/yii/framework/web/CWebApplication.php(141): CWebApplication->runController('facebookdata')
#32 /Users/Paulina/Sites/yii/framework/base/CApplication.php(185): CWebApplication->processRequest()
#33 /Users/Paulina/Sites/business/index.php(13): CApplication->run()
#34 {main}
REQUEST_URI=/facebookdata
---
2018/08/28 22:52:44 [error] [system.db.CDbCommand] CDbCommand::fetchAll() failed: SQLSTATE[42S02]: Base table or view not found: 1146 Table 'ovrmind_db.facebook_data' doesn't exist. The SQL statement executed was: SHOW FULL COLUMNS FROM `facebook_data`.
in /Users/Paulina/Sites/business/protected/views/facebookdata/index.php (19)
in /Users/Paulina/Sites/business/protected/controllers/FacebookdataController.php (127)
in /Users/Paulina/Sites/business/index.php (13)
2018/08/28 22:52:44 [error] [exception.CDbException] CDbException: The table "facebook_data" for active record class "FacebookData" cannot be found in the database. in /Users/Paulina/Sites/yii/framework/db/ar/CActiveRecord.php:2390
Stack trace:
#0 /Users/Paulina/Sites/yii/framework/db/ar/CActiveRecord.php(413): CActiveRecordMetaData->__construct(Object(FacebookData))
#1 /Users/Paulina/Sites/yii/framework/db/ar/CActiveRecord.php(663): CActiveRecord->getMetaData()
#2 /Users/Paulina/Sites/yii/framework/db/ar/CActiveRecord.php(1609): CActiveRecord->getTableSchema()
#3 /Users/Paulina/Sites/yii/framework/web/CActiveDataProvider.php(228): CActiveRecord->count(Object(CDbCriteria))
#4 /Users/Paulina/Sites/yii/framework/web/CDataProvider.php(224): CActiveDataProvider->calculateTotalItemCount()
#5 /Users/Paulina/Sites/yii/framework/web/CActiveDataProvider.php(178): CDataProvider->getTotalItemCount()
#6 /Users/Paulina/Sites/yii/framework/web/CDataProvider.php(168): CActiveDataProvider->fetchData()
#7 /Users/Paulina/Sites/yii/framework/zii/widgets/CBaseListView.php(125): CDataProvider->getData()
#8 /Users/Paulina/Sites/yii/framework/zii/widgets/CListView.php(211): CBaseListView->init()
#9 /Users/Paulina/Sites/yii/framework/web/CBaseController.php(147): CListView->init()
#10 /Users/Paulina/Sites/yii/framework/web/CBaseController.php(181): CBaseController->createWidget('zii.widgets.CLi...', Array)
#11 /Users/Paulina/Sites/business/protected/views/facebookdata/index.php(19): CBaseController->widget('zii.widgets.CLi...', Array)
#12 /Users/Paulina/Sites/yii/framework/web/CBaseController.php(126): require('/Users/Paulina/...')
#13 /Users/Paulina/Sites/yii/framework/web/CBaseController.php(95): CBaseController->renderInternal('/Users/Paulina/...', Array, true)
#14 /Users/Paulina/Sites/yii/framework/web/CController.php(872): CBaseController->renderFile('/Users/Paulina/...', Array, true)
#15 /Users/Paulina/Sites/yii/framework/web/CController.php(785): CController->renderPartial('index', Array, true)
#16 /Users/Paulina/Sites/business/protected/controllers/FacebookdataController.php(127): CController->render('index', Array)
#17 /Users/Paulina/Sites/yii/framework/web/actions/CInlineAction.php(49): FacebookDataController->actionIndex()
#18 /Users/Paulina/Sites/yii/framework/web/CController.php(308): CInlineAction->runWithParams(Array)
#19 /Users/Paulina/Sites/yii/framework/web/filters/CFilterChain.php(134): CController->runAction(Object(CInlineAction))
#20 /Users/Paulina/Sites/yii/framework/web/filters/CFilter.php(40): CFilterChain->run()
#21 /Users/Paulina/Sites/yii/framework/web/CController.php(1148): CFilter->filter(Object(CFilterChain))
#22 /Users/Paulina/Sites/yii/framework/web/filters/CInlineFilter.php(58): CController->filterAccessControl(Object(CFilterChain))
#23 /Users/Paulina/Sites/yii/framework/web/filters/CFilterChain.php(131): CInlineFilter->filter(Object(CFilterChain))
#24 /Users/Paulina/Sites/yii/framework/web/CController.php(291): CFilterChain->run()
#25 /Users/Paulina/Sites/yii/framework/web/CController.php(265): CController->runActionWithFilters(Object(CInlineAction), Array)
#26 /Users/Paulina/Sites/yii/framework/web/CWebApplication.php(282): CController->run('')
#27 /Users/Paulina/Sites/yii/framework/web/CWebApplication.php(141): CWebApplication->runController('facebookdata')
#28 /Users/Paulina/Sites/yii/framework/base/CApplication.php(185): CWebApplication->processRequest()
#29 /Users/Paulina/Sites/business/index.php(13): CApplication->run()
#30 {main}
REQUEST_URI=/facebookdata
---
